#
# A fatal error has been detected by the Java Runtime Environment:
#
#  EXCEPTION_ACCESS_VIOLATION (0xc0000005) at pc=0x00007ffb0cc4a3fa, pid=14152, tid=5424
#
# JRE version: OpenJDK Runtime Environment Corretto-11.0.22.7.1 (11.0.22+7) (build 11.0.22+7-LTS)
# Java VM: OpenJDK 64-Bit Server VM Corretto-11.0.22.7.1 (11.0.22+7-LTS, mixed mode, tiered, compressed oops, g1 gc, windows-amd64)
# Problematic frame:
# V  [jvm.dll+0x31a3fa]
#
# No core dump will be written. Minidumps are not enabled by default on client versions of Windows
#
# If you would like to submit a bug report, please visit:
#   https://github.com/corretto/corretto-11/issues/
#

---------------  S U M M A R Y ------------

Command Line: -XX:TieredStopAtLevel=1 -Xverify:none -Dspring.output.ansi.enabled=always -Dcom.sun.management.jmxremote -Dspring.jmx.enabled=true -Dspring.liveBeansView.mbeanDomain -Dspring.application.admin.enabled=true -Dmanagement.endpoints.jmx.exposure.include=* -javaagent:C:\Program Files\JetBrains\IntelliJ IDEA 2024.1.2\lib\idea_rt.jar=60397:C:\Program Files\JetBrains\IntelliJ IDEA 2024.1.2\bin -Dfile.encoding=UTF-8 com.shop.ShopApplication

Host: Intel(R) Core(TM) i7-6700 CPU @ 3.40GHz, 8 cores, 15G,  Windows 10 , 64 bit Build 19041 (10.0.19041.3636)
Time: Wed Jun 12 14:19:21 2024  Windows 10 , 64 bit Build 19041 (10.0.19041.3636) elapsed time: 6609.245934 seconds (0d 1h 50m 9s)

---------------  T H R E A D  ---------------

Current thread (0x000002365c7ef000):  GCTaskThread "GC Thread#2" [stack: 0x0000005653600000,0x0000005653700000] [id=5424]

Stack: [0x0000005653600000,0x0000005653700000],  sp=0x00000056536ff870,  free space=1022k
Native frames: (J=compiled Java code, j=interpreted, Vv=VM code, C=native code)
V  [jvm.dll+0x31a3fa]
V  [jvm.dll+0x319df8]
V  [jvm.dll+0x3196fd]
V  [jvm.dll+0x809440]
V  [jvm.dll+0x793b24]
V  [jvm.dll+0x644615]
C  [ucrtbase.dll+0x21bb2]
C  [KERNEL32.DLL+0x17344]
C  [ntdll.dll+0x526b1]


siginfo: EXCEPTION_ACCESS_VIOLATION (0xc0000005), reading address 0x00000008400228d0


Register to memory mapping:

RIP=0x00007ffb0cc4a3fa jvm.dll
RAX=0x00000008400228c8 is an unknown value
RBX=
[error occurred during error reporting (printing register info), id 0xc0000005, EXCEPTION_ACCESS_VIOLATION (0xc0000005) at pc=0x00007ffb0cad85a6]

Registers:
RAX=0x00000008400228c8, RBX=0x000000070185f620, RCX=0x0000000000000000, RDX=0x00000000400228c8
RSP=0x00000056536ff870, RBP=0x0000000000000194, RSI=0x00000236609d9090, RDI=0x00007ffb0c930000
R8 =0x0000000000000001, R9 =0x0000000800000000, R10=0x000000070183d260, R11=0x000000000000000c
R12=0x00000056529fe8c8, R13=0x0000000000000000, R14=0x000000000000000c, R15=0x0000000000000010
RIP=0x00007ffb0cc4a3fa, EFLAGS=0x0000000000010202

Top of Stack: (sp=0x00000056536ff870)
0x00000056536ff870:   0000000000000195 000000070185f4d8
0x00000056536ff880:   00000236609d9090 00007ffb0cc4605f
0x00000056536ff890:   000002070000075c 0000000000000000
0x00000056536ff8a0:   0000000000001e79 00007ffb0cc4437a
0x00000056536ff8b0:   0000000000001e71 000002365bfc35f0
0x00000056536ff8c0:   000000000000000c 00000056529ff060
0x00000056536ff8d0:   00000056529fe8c8 00000236609d9090
0x00000056536ff8e0:   00007ffb0c930000 0000000000000010
0x00000056536ff8f0:   00000056529ff078 00007ffb0cc49df8
0x00000056536ff900:   000000070185f620 0000000000000010
0x00000056536ff910:   000000070183d260 00000236609d9090
0x00000056536ff920:   000000070183d260 0000023600000000
0x00000056536ff930:   000002365bfc35f0 0000000000000000
0x00000056536ff940:   00000000000003d8 000002365bfc39c8
0x00000056536ff950:   000002365bfc35e0 00000056529fe7e0
0x00000056536ff960:   00000236609d9090 00007ffb0cc496fd 

Instructions: (pc=0x00007ffb0cc4a3fa)
0x00007ffb0cc4a2fa:   a0 00 00 00 3b e8 0f 85 6c 02 00 00 48 8b 05 cb
0x00007ffb0cc4a30a:   48 78 00 48 8d 96 90 00 00 00 4c 8b c3 48 8b cf
0x00007ffb0cc4a31a:   ff d0 48 3b c3 0f 85 4d 02 00 00 48 8b 9c 24 90
0x00007ffb0cc4a32a:   00 00 00 41 be 0c 00 00 00 e9 8e 00 00 00 48 8b
0x00007ffb0cc4a33a:   9c 24 90 00 00 00 41 be 0c 00 00 00 e9 82 00 00
0x00007ffb0cc4a34a:   00 48 8d be a0 00 00 00 48 8b 5f 20 48 8b 4f 38
0x00007ffb0cc4a35a:   48 83 fb 01 75 5b 4c 8b 47 08 48 8b 47 18 49 c1
0x00007ffb0cc4a36a:   e0 03 4c 89 6f 20 48 8b 19 4a 8b 2c 01 48 39 47
0x00007ffb0cc4a37a:   30 73 12 48 8b 47 40 49 89 04 08 48 ff 47 30 48
0x00007ffb0cc4a38a:   89 4f 40 eb 10 48 8b 07 48 8b d1 49 83 c0 08 48
0x00007ffb0cc4a39a:   8b cf ff 50 08 48 8b 4f 08 48 85 ed 49 8b c5 48
0x00007ffb0cc4a3aa:   89 6f 38 48 0f 45 c1 48 89 4f 20 48 29 47 28 eb
0x00007ffb0cc4a3ba:   0b 48 ff cb 48 89 5f 20 48 8b 1c d9 48 8d 3d 33
0x00007ffb0cc4a3ca:   5c ce ff 44 0f b6 05 3c 2e 7d 00 8b 0d 4d 74 78
0x00007ffb0cc4a3da:   00 4c 8b 0d 3e 74 78 00 45 84 c0 74 0d 8b 53 08
0x00007ffb0cc4a3ea:   8b c2 48 d3 e0 49 03 c1 eb 06 48 8b 43 08 8b d0
0x00007ffb0cc4a3fa:   81 78 08 00 00 00 c0 7d 72 45 84 c0 74 08 48 d3
0x00007ffb0cc4a40a:   e2 49 03 d1 eb 04 48 8b 53 08 48 8b 02 48 8b ca
0x00007ffb0cc4a41a:   ff 90 d0 00 00 00 48 8b f8 48 85 c0 74 1b 48 8b
0x00007ffb0cc4a42a:   d0 48 8b ce e8 9d bb ff ff 84 c0 74 0c 48 8b d7
0x00007ffb0cc4a43a:   48 8d 4e 10 e8 fd c4 ff ff 44 38 2d c7 2d 7d 00
0x00007ffb0cc4a44a:   48 8d 3d af 5b ce ff 49 8b c7 49 0f 45 c6 44 39
0x00007ffb0cc4a45a:   2c 18 0f 8e fe fd ff ff 45 33 c0 48 8b d3 48 8b
0x00007ffb0cc4a46a:   ce e8 f0 04 00 00 e9 da fd ff ff 45 84 c0 74 0b
0x00007ffb0cc4a47a:   44 8b c2 49 d3 e0 4d 03 c1 eb 04 4c 8b 43 08 49
0x00007ffb0cc4a48a:   63 40 0c 48 8d 8e c8 01 00 00 48 8b d3 ff 94 c7
0x00007ffb0cc4a49a:   40 43 a8 00 44 38 2d 64 30 7d 00 0f 84 b5 fd ff
0x00007ffb0cc4a4aa:   ff 44 0f b6 05 5e 2d 7d 00 8b 0d 6f 73 78 00 4c
0x00007ffb0cc4a4ba:   8b 0d 60 73 78 00 45 84 c0 74 0d 8b 53 08 8b c2
0x00007ffb0cc4a4ca:   48 d3 e0 49 03 c1 eb 06 48 8b 43 08 8b d0 44 39
0x00007ffb0cc4a4da:   68 08 7e 24 45 84 c0 74 0a 8b c2 48 d3 e0 49 03
0x00007ffb0cc4a4ea:   c1 eb 04 48 8b 43 08 0f b6 80 3a 01 00 00 24 03 


Stack slot to memory mapping:
stack at sp + 0 slots: 0x0000000000000195 is an unknown value
stack at sp + 1 slots: 0x000000070185f4d8 is an oop: java.lang.String 
{0x000000070185f4d8} - klass: 'java/lang/String'
 - string: "ConnectionProperties.sendFractionalSeconds"
stack at sp + 2 slots: 0x00000236609d9090 points into unknown readable memory: 0x63656a6200000000 | 00 00 00 00 62 6a 65 63
stack at sp + 3 slots: 0x00007ffb0cc4605f jvm.dll
stack at sp + 4 slots: 0x000002070000075c is an unknown value
stack at sp + 5 slots: 0x0 is NULL
stack at sp + 6 slots: 0x0000000000001e79 is an unknown value
stack at sp + 7 slots: 0x00007ffb0cc4437a jvm.dll


---------------  P R O C E S S  ---------------

Threads class SMR info:
_java_thread_list=0x0000023660395a50, length=15, elements={
0x000002365b5e3000, 0x000002365be99800, 0x000002365beff800, 0x000002365bf00800,
0x000002365bf01800, 0x000002365bf05000, 0x000002365b5ed800, 0x000002365c061000,
0x000002365c6a6800, 0x000002365d7bc800, 0x000002365fd6c000, 0x00000236600e9000,
0x0000023660a76800, 0x0000023660a73000, 0x00000236600e6800
}

Java Threads: ( => current thread )
  0x000002365b5e3000 JavaThread "Reference Handler" daemon [_thread_blocked, id=2344, stack(0x0000005652a00000,0x0000005652b00000)]
  0x000002365be99800 JavaThread "Finalizer" daemon [_thread_blocked, id=4456, stack(0x0000005652b00000,0x0000005652c00000)]
  0x000002365beff800 JavaThread "Signal Dispatcher" daemon [_thread_blocked, id=16920, stack(0x0000005652c00000,0x0000005652d00000)]
  0x000002365bf00800 JavaThread "Attach Listener" daemon [_thread_blocked, id=6968, stack(0x0000005652d00000,0x0000005652e00000)]
  0x000002365bf01800 JavaThread "Service Thread" daemon [_thread_blocked, id=1220, stack(0x0000005652e00000,0x0000005652f00000)]
  0x000002365bf05000 JavaThread "C1 CompilerThread0" daemon [_thread_blocked, id=4744, stack(0x0000005652f00000,0x0000005653000000)]
  0x000002365b5ed800 JavaThread "Sweeper thread" daemon [_thread_blocked, id=1560, stack(0x0000005653000000,0x0000005653100000)]
  0x000002365c061000 JavaThread "Common-Cleaner" daemon [_thread_blocked, id=7112, stack(0x0000005653100000,0x0000005653200000)]
  0x000002365c6a6800 JavaThread "RMI TCP Accept-0" daemon [_thread_in_native, id=16820, stack(0x0000005653300000,0x0000005653400000)]
  0x000002365d7bc800 JavaThread "RMI Scheduler(0)" daemon [_thread_blocked, id=2600, stack(0x0000005654200000,0x0000005654300000)]
  0x000002365fd6c000 JavaThread "mysql-cj-abandoned-connection-cleanup" daemon [_thread_blocked, id=16472, stack(0x0000005654500000,0x0000005654600000)]
  0x00000236600e9000 JavaThread "Live Reload Server" daemon [_thread_in_native, id=12836, stack(0x0000005654b00000,0x0000005654c00000)]
  0x0000023660a76800 JavaThread "DestroyJavaVM" [_thread_blocked, id=6560, stack(0x0000005652300000,0x0000005652400000)]
  0x0000023660a73000 JavaThread "File Watcher" daemon [_thread_blocked, id=19416, stack(0x0000005652100000,0x0000005652200000)]
  0x00000236600e6800 JavaThread "Thread-18" [_thread_blocked, id=9996, stack(0x0000005652000000,0x0000005652100000)]

Other Threads:
  0x000002365b5df800 VMThread "VM Thread" [stack: 0x0000005652900000,0x0000005652a00000] [id=5888]
  0x000002365c6cf000 WatcherThread [stack: 0x0000005653400000,0x0000005653500000] [id=15580]
  0x00000236377f9800 GCTaskThread "GC Thread#0" [stack: 0x0000005652400000,0x0000005652500000] [id=6824]
  0x000002365c8d4800 GCTaskThread "GC Thread#1" [stack: 0x0000005653500000,0x0000005653600000] [id=16184]
=>0x000002365c7ef000 GCTaskThread "GC Thread#2" [stack: 0x0000005653600000,0x0000005653700000] [id=5424]
  0x000002365c7ef800 GCTaskThread "GC Thread#3" [stack: 0x0000005653700000,0x0000005653800000] [id=2608]
  0x000002365d2b8000 GCTaskThread "GC Thread#4" [stack: 0x0000005653800000,0x0000005653900000] [id=18900]
  0x000002365d2b8800 GCTaskThread "GC Thread#5" [stack: 0x0000005653900000,0x0000005653a00000] [id=17040]
  0x000002365d548800 GCTaskThread "GC Thread#6" [stack: 0x0000005653e00000,0x0000005653f00000] [id=12244]
  0x000002365d577800 GCTaskThread "GC Thread#7" [stack: 0x0000005653f00000,0x0000005654000000] [id=6868]
  0x0000023637857800 ConcurrentGCThread "G1 Main Marker" [stack: 0x0000005652500000,0x0000005652600000] [id=15852]
  0x0000023637859800 ConcurrentGCThread "G1 Conc#0" [stack: 0x0000005652600000,0x0000005652700000] [id=12932]
  0x000002365d488000 ConcurrentGCThread "G1 Conc#1" [stack: 0x0000005654000000,0x0000005654100000] [id=14036]
  0x00000236378ae000 ConcurrentGCThread "G1 Refine#0" [stack: 0x0000005652700000,0x0000005652800000] [id=9384]
  0x000002365c1eb000 ConcurrentGCThread "G1 Refine#1" [stack: 0x0000005653a00000,0x0000005653b00000] [id=9320]
  0x000002365b4b9000 ConcurrentGCThread "G1 Young RemSet Sampling" [stack: 0x0000005652800000,0x0000005652900000] [id=18652]

Threads with active compile tasks:

VM state:at safepoint (normal execution)

VM Mutex/Monitor currently owned by a thread:  ([mutex/lock_event])
[0x00000236377de6d0] Threads_lock - owner thread: 0x000002365b5df800
[0x00000236377dd7a0] Heap_lock - owner thread: 0x00000236600e6800

Heap address: 0x0000000700800000, size: 4088 MB, Compressed Oops mode: Zero based, Oop shift amount: 3
Narrow klass base: 0x0000000800000000, Narrow klass shift: 0
Compressed class space size: 1073741824 Address: 0x0000000800000000

Heap:
 garbage-first heap   total 109568K, used 70870K [0x0000000700800000, 0x0000000800000000)
  region size 1024K, 30 young (30720K), 3 survivors (3072K)
 Metaspace       used 85720K, capacity 88992K, committed 89224K, reserved 1126400K
  class space    used 11081K, capacity 12387K, committed 12416K, reserved 1048576K
Heap Regions: E=young(eden), S=young(survivor), O=old, HS=humongous(starts), HC=humongous(continues), CS=collection set, F=free, A=archive, TAMS=top-at-mark-start (previous, next)
|   0|0x0000000700800000, 0x0000000700900000, 0x0000000700900000|100%|HS|  |TAMS 0x0000000700800000, 0x0000000700800000| Untracked 
|   1|0x0000000700900000, 0x00000007009ffed8, 0x0000000700a00000| 99%| O|  |TAMS 0x0000000700900000, 0x0000000700900000| Untracked 
|   2|0x0000000700a00000, 0x0000000700affff8, 0x0000000700b00000| 99%| O|  |TAMS 0x0000000700a00000, 0x0000000700a00000| Untracked 
|   3|0x0000000700b00000, 0x0000000700c00000, 0x0000000700c00000|100%| O|  |TAMS 0x0000000700b00000, 0x0000000700b00000| Untracked 
|   4|0x0000000700c00000, 0x0000000700cfffe0, 0x0000000700d00000| 99%| O|  |TAMS 0x0000000700c00000, 0x0000000700c00000| Untracked 
|   5|0x0000000700d00000, 0x0000000700e00000, 0x0000000700e00000|100%| O|  |TAMS 0x0000000700d00000, 0x0000000700d00000| Untracked 
|   6|0x0000000700e00000, 0x0000000700effff0, 0x0000000700f00000| 99%| O|  |TAMS 0x0000000700e00000, 0x0000000700e00000| Untracked 
|   7|0x0000000700f00000, 0x0000000700ffffd8, 0x0000000701000000| 99%| O|  |TAMS 0x0000000700f00000, 0x0000000700f00000| Untracked 
|   8|0x0000000701000000, 0x00000007010fffd8, 0x0000000701100000| 99%| O|  |TAMS 0x0000000701000000, 0x0000000701000000| Untracked 
|   9|0x0000000701100000, 0x00000007011ffff8, 0x0000000701200000| 99%| O|  |TAMS 0x0000000701100000, 0x0000000701100000| Untracked 
|  10|0x0000000701200000, 0x00000007012fffe8, 0x0000000701300000| 99%| O|  |TAMS 0x0000000701200000, 0x0000000701200000| Untracked 
|  11|0x0000000701300000, 0x00000007013fffb0, 0x0000000701400000| 99%| O|  |TAMS 0x0000000701300000, 0x0000000701300000| Untracked 
|  12|0x0000000701400000, 0x00000007014ffff0, 0x0000000701500000| 99%| O|  |TAMS 0x0000000701400000, 0x0000000701400000| Untracked 
|  13|0x0000000701500000, 0x00000007015fffa8, 0x0000000701600000| 99%| O|  |TAMS 0x0000000701500000, 0x0000000701500000| Untracked 
|  14|0x0000000701600000, 0x00000007016ffff0, 0x0000000701700000| 99%| O|  |TAMS 0x0000000701600000, 0x0000000701600000| Untracked 
|  15|0x0000000701700000, 0x0000000701800000, 0x0000000701800000|100%| O|  |TAMS 0x0000000701700000, 0x0000000701700000| Untracked 
|  16|0x0000000701800000, 0x00000007018ffff8, 0x0000000701900000| 99%| O|  |TAMS 0x0000000701800000, 0x0000000701800000| Untracked 
|  17|0x0000000701900000, 0x00000007019ffff8, 0x0000000701a00000| 99%| O|  |TAMS 0x0000000701900000, 0x0000000701900000| Untracked 
|  18|0x0000000701a00000, 0x0000000701afffe0, 0x0000000701b00000| 99%| O|  |TAMS 0x0000000701a00000, 0x0000000701a00000| Untracked 
|  19|0x0000000701b00000, 0x0000000701bfffe8, 0x0000000701c00000| 99%| O|  |TAMS 0x0000000701b00000, 0x0000000701b00000| Untracked 
|  20|0x0000000701c00000, 0x0000000701cffff8, 0x0000000701d00000| 99%| O|  |TAMS 0x0000000701c00000, 0x0000000701c00000| Untracked 
|  21|0x0000000701d00000, 0x0000000701dfffe0, 0x0000000701e00000| 99%| O|  |TAMS 0x0000000701d00000, 0x0000000701d00000| Untracked 
|  22|0x0000000701e00000, 0x0000000701efedc8, 0x0000000701f00000| 99%| O|  |TAMS 0x0000000701e00000, 0x0000000701e00000| Untracked 
|  23|0x0000000701f00000, 0x0000000701ffffe8, 0x0000000702000000| 99%| O|  |TAMS 0x0000000701f00000, 0x0000000701f00000| Untracked 
|  24|0x0000000702000000, 0x00000007020fffe0, 0x0000000702100000| 99%| O|  |TAMS 0x0000000702000000, 0x0000000702000000| Untracked 
|  25|0x0000000702100000, 0x00000007021fffc8, 0x0000000702200000| 99%| O|  |TAMS 0x0000000702100000, 0x0000000702100000| Untracked 
|  26|0x0000000702200000, 0x00000007022ffff0, 0x0000000702300000| 99%| O|  |TAMS 0x0000000702200000, 0x0000000702200000| Untracked 
|  27|0x0000000702300000, 0x00000007023fffc8, 0x0000000702400000| 99%| O|  |TAMS 0x0000000702300000, 0x0000000702300000| Untracked 
|  28|0x0000000702400000, 0x00000007024ffff0, 0x0000000702500000| 99%| O|  |TAMS 0x0000000702400000, 0x0000000702400000| Untracked 
|  29|0x0000000702500000, 0x0000000702600000, 0x0000000702600000|100%| O|  |TAMS 0x0000000702500000, 0x0000000702500000| Untracked 
|  30|0x0000000702600000, 0x00000007026ffc10, 0x0000000702700000| 99%| O|  |TAMS 0x0000000702600000, 0x0000000702600000| Untracked 
|  31|0x0000000702700000, 0x000000070278ff30, 0x0000000702800000| 56%| O|  |TAMS 0x0000000702700000, 0x0000000702700000| Untracked 
|  32|0x0000000702800000, 0x00000007028e1e58, 0x0000000702900000| 88%| O|  |TAMS 0x0000000702800000, 0x0000000702800000| Untracked 
|  33|0x0000000702900000, 0x00000007029ffff0, 0x0000000702a00000| 99%| O|  |TAMS 0x0000000702900000, 0x0000000702900000| Untracked 
|  34|0x0000000702a00000, 0x0000000702afffd8, 0x0000000702b00000| 99%| O|  |TAMS 0x0000000702a00000, 0x0000000702a00000| Untracked 
|  35|0x0000000702b00000, 0x0000000702baf860, 0x0000000702c00000| 68%| O|  |TAMS 0x0000000702b00000, 0x0000000702b00000| Untracked 
|  36|0x0000000702c00000, 0x0000000702cffff8, 0x0000000702d00000| 99%| O|  |TAMS 0x0000000702c00000, 0x0000000702c00000| Untracked 
|  37|0x0000000702d00000, 0x0000000702e00000, 0x0000000702e00000|100%| O|  |TAMS 0x0000000702d00000, 0x0000000702d00000| Untracked 
|  38|0x0000000702e00000, 0x0000000702f00000, 0x0000000702f00000|100%| O|  |TAMS 0x0000000702e00000, 0x0000000702e00000| Untracked 
|  39|0x0000000702f00000, 0x0000000703000000, 0x0000000703000000|100%| O|  |TAMS 0x0000000702f00000, 0x0000000702f00000| Untracked 
|  40|0x0000000703000000, 0x00000007030eec00, 0x0000000703100000| 93%| O|  |TAMS 0x0000000703000000, 0x0000000703000000| Untracked 
|  41|0x0000000703100000, 0x0000000703100000, 0x0000000703200000|  0%| F|  |TAMS 0x0000000703100000, 0x0000000703100000| Untracked 
|  42|0x0000000703200000, 0x0000000703200000, 0x0000000703300000|  0%| F|  |TAMS 0x0000000703200000, 0x0000000703200000| Untracked 
|  43|0x0000000703300000, 0x0000000703300000, 0x0000000703400000|  0%| F|  |TAMS 0x0000000703300000, 0x0000000703300000| Untracked 
|  44|0x0000000703400000, 0x0000000703400000, 0x0000000703500000|  0%| F|  |TAMS 0x0000000703400000, 0x0000000703400000| Untracked 
|  45|0x0000000703500000, 0x0000000703500000, 0x0000000703600000|  0%| F|  |TAMS 0x0000000703500000, 0x0000000703500000| Untracked 
|  46|0x0000000703600000, 0x0000000703600000, 0x0000000703700000|  0%| F|  |TAMS 0x0000000703600000, 0x0000000703600000| Untracked 
|  47|0x0000000703700000, 0x0000000703700000, 0x0000000703800000|  0%| F|  |TAMS 0x0000000703700000, 0x0000000703700000| Untracked 
|  48|0x0000000703800000, 0x0000000703800000, 0x0000000703900000|  0%| F|  |TAMS 0x0000000703800000, 0x0000000703800000| Untracked 
|  49|0x0000000703900000, 0x0000000703900000, 0x0000000703a00000|  0%| F|  |TAMS 0x0000000703900000, 0x0000000703900000| Untracked 
|  50|0x0000000703a00000, 0x0000000703a0b408, 0x0000000703b00000|  4%| O|  |TAMS 0x0000000703a00000, 0x0000000703a00000| Untracked 
|  51|0x0000000703b00000, 0x0000000703b0c350, 0x0000000703c00000|  4%| O|  |TAMS 0x0000000703b00000, 0x0000000703b00000| Untracked 
|  52|0x0000000703c00000, 0x0000000703c00000, 0x0000000703d00000|  0%| F|  |TAMS 0x0000000703c00000, 0x0000000703c00000| Untracked 
|  53|0x0000000703d00000, 0x0000000703d00000, 0x0000000703e00000|  0%| F|  |TAMS 0x0000000703d00000, 0x0000000703d00000| Untracked 
|  54|0x0000000703e00000, 0x0000000703e00000, 0x0000000703f00000|  0%| F|  |TAMS 0x0000000703e00000, 0x0000000703e00000| Untracked 
|  55|0x0000000703f00000, 0x0000000703ff1ce0, 0x0000000704000000| 94%| S|  |TAMS 0x0000000703f00000, 0x0000000703f00000| Complete 
|  56|0x0000000704000000, 0x0000000704100000, 0x0000000704100000|100%| S|  |TAMS 0x0000000704000000, 0x0000000704000000| Complete 
|  57|0x0000000704100000, 0x0000000704100000, 0x0000000704200000|  0%| F|  |TAMS 0x0000000704100000, 0x0000000704100000| Untracked 
|  58|0x0000000704200000, 0x0000000704200000, 0x0000000704300000|  0%| F|  |TAMS 0x0000000704200000, 0x0000000704200000| Untracked 
|  59|0x0000000704300000, 0x0000000704400000, 0x0000000704400000|100%| S|  |TAMS 0x0000000704300000, 0x0000000704300000| Complete 
|  60|0x0000000704400000, 0x0000000704400000, 0x0000000704500000|  0%| F|  |TAMS 0x0000000704400000, 0x0000000704400000| Untracked 
|  61|0x0000000704500000, 0x0000000704500000, 0x0000000704600000|  0%| F|  |TAMS 0x0000000704500000, 0x0000000704500000| Untracked 
|  62|0x0000000704600000, 0x0000000704600000, 0x0000000704700000|  0%| F|  |TAMS 0x0000000704600000, 0x0000000704600000| Untracked 
|  63|0x0000000704700000, 0x0000000704700000, 0x0000000704800000|  0%| F|  |TAMS 0x0000000704700000, 0x0000000704700000| Untracked 
|  64|0x0000000704800000, 0x0000000704800000, 0x0000000704900000|  0%| F|  |TAMS 0x0000000704800000, 0x0000000704800000| Untracked 
|  65|0x0000000704900000, 0x0000000704900000, 0x0000000704a00000|  0%| F|  |TAMS 0x0000000704900000, 0x0000000704900000| Untracked 
|  66|0x0000000704a00000, 0x0000000704a00000, 0x0000000704b00000|  0%| F|  |TAMS 0x0000000704a00000, 0x0000000704a00000| Untracked 
|  67|0x0000000704b00000, 0x0000000704b00000, 0x0000000704c00000|  0%| F|  |TAMS 0x0000000704b00000, 0x0000000704b00000| Untracked 
|  68|0x0000000704c00000, 0x0000000704c00000, 0x0000000704d00000|  0%| F|  |TAMS 0x0000000704c00000, 0x0000000704c00000| Untracked 
|  69|0x0000000704d00000, 0x0000000704d00000, 0x0000000704e00000|  0%| F|  |TAMS 0x0000000704d00000, 0x0000000704d00000| Untracked 
|  70|0x0000000704e00000, 0x0000000704e00000, 0x0000000704f00000|  0%| F|  |TAMS 0x0000000704e00000, 0x0000000704e00000| Untracked 
|  71|0x0000000704f00000, 0x0000000704f00000, 0x0000000705000000|  0%| F|  |TAMS 0x0000000704f00000, 0x0000000704f00000| Untracked 
|  72|0x0000000705000000, 0x0000000705000000, 0x0000000705100000|  0%| F|  |TAMS 0x0000000705000000, 0x0000000705000000| Untracked 
|  73|0x0000000705100000, 0x0000000705100000, 0x0000000705200000|  0%| F|  |TAMS 0x0000000705100000, 0x0000000705100000| Untracked 
|  74|0x0000000705200000, 0x0000000705200000, 0x0000000705300000|  0%| F|  |TAMS 0x0000000705200000, 0x0000000705200000| Untracked 
|  75|0x0000000705300000, 0x0000000705300000, 0x0000000705400000|  0%| F|  |TAMS 0x0000000705300000, 0x0000000705300000| Untracked 
|  76|0x0000000705400000, 0x0000000705400000, 0x0000000705500000|  0%| F|  |TAMS 0x0000000705400000, 0x0000000705400000| Untracked 
|  77|0x0000000705500000, 0x0000000705500000, 0x0000000705600000|  0%| F|  |TAMS 0x0000000705500000, 0x0000000705500000| Untracked 
|  78|0x0000000705600000, 0x0000000705600000, 0x0000000705700000|  0%| F|  |TAMS 0x0000000705600000, 0x0000000705600000| Untracked 
|  79|0x0000000705700000, 0x0000000705700000, 0x0000000705800000|  0%| F|  |TAMS 0x0000000705700000, 0x0000000705700000| Untracked 
|  80|0x0000000705800000, 0x000000070581df20, 0x0000000705900000| 11%| E|  |TAMS 0x0000000705800000, 0x0000000705800000| Complete 
|  81|0x0000000705900000, 0x0000000705a00000, 0x0000000705a00000|100%| E|  |TAMS 0x0000000705900000, 0x0000000705900000| Complete 
|  82|0x0000000705a00000, 0x0000000705b00000, 0x0000000705b00000|100%| E|  |TAMS 0x0000000705a00000, 0x0000000705a00000| Complete 
|  83|0x0000000705b00000, 0x0000000705c00000, 0x0000000705c00000|100%| E|  |TAMS 0x0000000705b00000, 0x0000000705b00000| Complete 
|  84|0x0000000705c00000, 0x0000000705d00000, 0x0000000705d00000|100%| E|  |TAMS 0x0000000705c00000, 0x0000000705c00000| Complete 
|  85|0x0000000705d00000, 0x0000000705e00000, 0x0000000705e00000|100%| E|  |TAMS 0x0000000705d00000, 0x0000000705d00000| Complete 
|  86|0x0000000705e00000, 0x0000000705f00000, 0x0000000705f00000|100%| E|  |TAMS 0x0000000705e00000, 0x0000000705e00000| Complete 
|  87|0x0000000705f00000, 0x0000000706000000, 0x0000000706000000|100%| E|  |TAMS 0x0000000705f00000, 0x0000000705f00000| Complete 
|  88|0x0000000706000000, 0x0000000706100000, 0x0000000706100000|100%| E|  |TAMS 0x0000000706000000, 0x0000000706000000| Complete 
|  89|0x0000000706100000, 0x0000000706200000, 0x0000000706200000|100%| E|  |TAMS 0x0000000706100000, 0x0000000706100000| Complete 
|  90|0x0000000706200000, 0x0000000706300000, 0x0000000706300000|100%| E|  |TAMS 0x0000000706200000, 0x0000000706200000| Complete 
|  91|0x0000000706300000, 0x0000000706400000, 0x0000000706400000|100%| E|  |TAMS 0x0000000706300000, 0x0000000706300000| Complete 
|  92|0x0000000706400000, 0x0000000706500000, 0x0000000706500000|100%| E|  |TAMS 0x0000000706400000, 0x0000000706400000| Complete 
|  93|0x0000000706500000, 0x0000000706600000, 0x0000000706600000|100%| E|  |TAMS 0x0000000706500000, 0x0000000706500000| Complete 
|  94|0x0000000706600000, 0x0000000706700000, 0x0000000706700000|100%| E|  |TAMS 0x0000000706600000, 0x0000000706600000| Complete 
|  95|0x0000000706700000, 0x0000000706800000, 0x0000000706800000|100%| E|  |TAMS 0x0000000706700000, 0x0000000706700000| Complete 
|  96|0x0000000706800000, 0x0000000706900000, 0x0000000706900000|100%| E|  |TAMS 0x0000000706800000, 0x0000000706800000| Complete 
|  99|0x0000000706b00000, 0x0000000706c00000, 0x0000000706c00000|100%| E|  |TAMS 0x0000000706b00000, 0x0000000706b00000| Complete 
| 109|0x0000000707500000, 0x0000000707600000, 0x0000000707600000|100%| E|  |TAMS 0x0000000707500000, 0x0000000707500000| Complete 
| 111|0x0000000707700000, 0x0000000707800000, 0x0000000707800000|100%| E|  |TAMS 0x0000000707700000, 0x0000000707700000| Complete 
| 112|0x0000000707800000, 0x0000000707900000, 0x0000000707900000|100%| E|  |TAMS 0x0000000707800000, 0x0000000707800000| Complete 
| 113|0x0000000707900000, 0x0000000707a00000, 0x0000000707a00000|100%| E|  |TAMS 0x0000000707900000, 0x0000000707900000| Complete 
| 116|0x0000000707c00000, 0x0000000707d00000, 0x0000000707d00000|100%| E|  |TAMS 0x0000000707c00000, 0x0000000707c00000| Complete 
| 117|0x0000000707d00000, 0x0000000707e00000, 0x0000000707e00000|100%| E|  |TAMS 0x0000000707d00000, 0x0000000707d00000| Complete 
| 120|0x0000000708000000, 0x0000000708100000, 0x0000000708100000|100%| E|  |TAMS 0x0000000708000000, 0x0000000708000000| Complete 
| 121|0x0000000708100000, 0x0000000708200000, 0x0000000708200000|100%| E|  |TAMS 0x0000000708100000, 0x0000000708100000| Complete 
| 122|0x0000000708200000, 0x0000000708300000, 0x0000000708300000|100%| E|  |TAMS 0x0000000708200000, 0x0000000708200000| Complete 

Card table byte_map: [0x000002364faa0000,0x00000236502a0000] _byte_map_base: 0x000002364c29c000

Marking Bits (Prev, Next): (CMBitMap*) 0x0000023637846958, (CMBitMap*) 0x0000023637846990
 Prev Bits: [0x0000023650aa0000, 0x0000023654a80000)
 Next Bits: [0x0000023654a80000, 0x0000023658a60000)

Polling page: 0x00000236357b0000

Metaspace:

Usage:
  Non-class:     74.81 MB capacity,    72.89 MB ( 97%) used,     1.58 MB (  2%) free+waste,   348.19 KB ( <1%) overhead. 
      Class:     12.10 MB capacity,    10.82 MB ( 89%) used,     1.11 MB (  9%) free+waste,   172.50 KB (  1%) overhead. 
       Both:     86.91 MB capacity,    83.71 MB ( 96%) used,     2.69 MB (  3%) free+waste,   520.69 KB ( <1%) overhead. 

Virtual space:
  Non-class space:       76.00 MB reserved,      75.01 MB ( 99%) committed 
      Class space:        1.00 GB reserved,      12.12 MB (  1%) committed 
             Both:        1.07 GB reserved,      87.13 MB (  8%) committed 

Chunk freelists:
   Non-Class:  11.00 KB
       Class:  1.00 KB
        Both:  12.00 KB

MaxMetaspaceSize: 17179869184.00 GB
CompressedClassSpaceSize: 1.00 GB
Initial GC threshold: 20.80 MB
Current GC threshold: 143.97 MB
CDS: off

CodeHeap 'non-profiled nmethods': size=238336Kb used=19319Kb max_used=19319Kb free=219016Kb
 bounds [0x00000236406b0000, 0x0000023641990000, 0x000002364ef70000]
CodeHeap 'non-nmethods': size=7424Kb used=2415Kb max_used=2415Kb free=5009Kb
 bounds [0x000002363ff70000, 0x00000236401e0000, 0x00000236406b0000]
 total_blobs=12628 nmethods=11686 adapters=867
 compilation: enabled
              stopped_count=0, restarted_count=0
 full_count=0

Compilation events (20 events):
Event: 6609.213 Thread 0x000002365bf05000 11677       1       jdk.internal.logger.AbstractLoggerWrapper::isLoggable (11 bytes)
Event: 6609.213 Thread 0x000002365bf05000 nmethod 11677 0x000002364198b110 code [0x000002364198b2e0, 0x000002364198b3f8]
Event: 6609.213 Thread 0x000002365bf05000 11678       1       jdk.internal.logger.LazyLoggers$LazyLoggerWrapper::wrapped (10 bytes)
Event: 6609.213 Thread 0x000002365bf05000 nmethod 11678 0x000002364198b490 code [0x000002364198b640, 0x000002364198b768]
Event: 6609.213 Thread 0x000002365bf05000 11679   !   1       jdk.internal.logger.LazyLoggers$LazyLoggerAccessor::wrapped (41 bytes)
Event: 6609.213 Thread 0x000002365bf05000 nmethod 11679 0x000002364198b810 code [0x000002364198b9c0, 0x000002364198bd08]
Event: 6609.214 Thread 0x000002365bf05000 11680       1       java.text.FieldPosition::setBeginIndex (6 bytes)
Event: 6609.214 Thread 0x000002365bf05000 nmethod 11680 0x000002364198bd90 code [0x000002364198bf40, 0x000002364198bff8]
Event: 6609.214 Thread 0x000002365bf05000 11684       1       java.text.DecimalFormat::append (94 bytes)
Event: 6609.215 Thread 0x000002365bf05000 nmethod 11684 0x000002364198c090 code [0x000002364198c260, 0x000002364198c7e8]
Event: 6609.215 Thread 0x000002365bf05000 11681       1       java.text.FieldPosition::setEndIndex (6 bytes)
Event: 6609.215 Thread 0x000002365bf05000 nmethod 11681 0x000002364198ca90 code [0x000002364198cc40, 0x000002364198ccf8]
Event: 6609.215 Thread 0x000002365bf05000 11682       1       java.text.DecimalFormatSymbols::getGroupingSeparator (5 bytes)
Event: 6609.215 Thread 0x000002365bf05000 nmethod 11682 0x000002364198cd90 code [0x000002364198cf40, 0x000002364198cff8]
Event: 6609.215 Thread 0x000002365bf05000 11683       1       java.text.DecimalFormatSymbols::getDecimalSeparator (5 bytes)
Event: 6609.215 Thread 0x000002365bf05000 nmethod 11683 0x000002364198d090 code [0x000002364198d240, 0x000002364198d2f8]
Event: 6609.218 Thread 0x000002365bf05000 11685       1       sun.security.ssl.SSLSocketImpl::setSoTimeout (6 bytes)
Event: 6609.218 Thread 0x000002365bf05000 nmethod 11685 0x000002364198d390 code [0x000002364198d560, 0x000002364198d818]
Event: 6609.218 Thread 0x000002365bf05000 11686  s    1       sun.security.ssl.BaseSSLSocketImpl::setSoTimeout (25 bytes)
Event: 6609.218 Thread 0x000002365bf05000 nmethod 11686 0x000002364198d910 code [0x000002364198dae0, 0x000002364198dd78]

GC Heap History (20 events):
Event: 3035.293 GC heap after
{Heap after GC invocations=30 (full 2):
 garbage-first heap   total 109568K, used 45872K [0x0000000700800000, 0x0000000800000000)
  region size 1024K, 4 young (4096K), 4 survivors (4096K)
 Metaspace       used 84997K, capacity 88232K, committed 88456K, reserved 1126400K
  class space    used 11013K, capacity 12295K, committed 12416K, reserved 1048576K
}
Event: 3036.859 GC heap before
{Heap before GC invocations=30 (full 2):
 garbage-first heap   total 109568K, used 67376K [0x0000000700800000, 0x0000000800000000)
  region size 1024K, 26 young (26624K), 4 survivors (4096K)
 Metaspace       used 85080K, capacity 88308K, committed 88456K, reserved 1126400K
  class space    used 11019K, capacity 12298K, committed 12416K, reserved 1048576K
}
Event: 3036.900 GC heap after
{Heap after GC invocations=31 (full 3):
 garbage-first heap   total 109568K, used 37084K [0x0000000700800000, 0x0000000800000000)
  region size 1024K, 0 young (0K), 0 survivors (0K)
 Metaspace       used 85069K, capacity 88290K, committed 88456K, reserved 1126400K
  class space    used 11017K, capacity 12295K, committed 12416K, reserved 1048576K
}
Event: 3037.125 GC heap before
{Heap before GC invocations=31 (full 3):
 garbage-first heap   total 109568K, used 87260K [0x0000000700800000, 0x0000000800000000)
  region size 1024K, 49 young (50176K), 0 survivors (0K)
 Metaspace       used 85247K, capacity 88516K, committed 88712K, reserved 1126400K
  class space    used 11040K, capacity 12342K, committed 12416K, reserved 1048576K
}
Event: 3037.127 GC heap after
{Heap after GC invocations=32 (full 3):
 garbage-first heap   total 109568K, used 39999K [0x0000000700800000, 0x0000000800000000)
  region size 1024K, 3 young (3072K), 3 survivors (3072K)
 Metaspace       used 85247K, capacity 88516K, committed 88712K, reserved 1126400K
  class space    used 11040K, capacity 12342K, committed 12416K, reserved 1048576K
}
Event: 3037.339 GC heap before
{Heap before GC invocations=32 (full 3):
 garbage-first heap   total 109568K, used 88127K [0x0000000700800000, 0x0000000800000000)
  region size 1024K, 50 young (51200K), 3 survivors (3072K)
 Metaspace       used 85440K, capacity 88708K, committed 88968K, reserved 1126400K
  class space    used 11058K, capacity 12342K, committed 12416K, reserved 1048576K
}
Event: 3037.341 GC heap after
{Heap after GC invocations=33 (full 3):
 garbage-first heap   total 109568K, used 41319K [0x0000000700800000, 0x0000000800000000)
  region size 1024K, 5 young (5120K), 5 survivors (5120K)
 Metaspace       used 85440K, capacity 88708K, committed 88968K, reserved 1126400K
  class space    used 11058K, capacity 12342K, committed 12416K, reserved 1048576K
}
Event: 3037.509 GC heap before
{Heap before GC invocations=33 (full 3):
 garbage-first heap   total 109568K, used 88423K [0x0000000700800000, 0x0000000800000000)
  region size 1024K, 51 young (52224K), 5 survivors (5120K)
 Metaspace       used 85661K, capacity 88980K, committed 89224K, reserved 1126400K
  class space    used 11076K, capacity 12384K, committed 12416K, reserved 1048576K
}
Event: 3037.512 GC heap after
{Heap after GC invocations=34 (full 3):
 garbage-first heap   total 109568K, used 43251K [0x0000000700800000, 0x0000000800000000)
  region size 1024K, 4 young (4096K), 4 survivors (4096K)
 Metaspace       used 85661K, capacity 88980K, committed 89224K, reserved 1126400K
  class space    used 11076K, capacity 12384K, committed 12416K, reserved 1048576K
}
Event: 3311.408 GC heap before
{Heap before GC invocations=34 (full 3):
 garbage-first heap   total 109568K, used 88307K [0x0000000700800000, 0x0000000800000000)
  region size 1024K, 48 young (49152K), 4 survivors (4096K)
 Metaspace       used 85716K, capacity 88986K, committed 89224K, reserved 1126400K
  class space    used 11080K, capacity 12385K, committed 12416K, reserved 1048576K
}
Event: 3311.411 GC heap after
{Heap after GC invocations=35 (full 3):
 garbage-first heap   total 109568K, used 43782K [0x0000000700800000, 0x0000000800000000)
  region size 1024K, 3 young (3072K), 3 survivors (3072K)
 Metaspace       used 85716K, capacity 88986K, committed 89224K, reserved 1126400K
  class space    used 11080K, capacity 12385K, committed 12416K, reserved 1048576K
}
Event: 3728.075 GC heap before
{Heap before GC invocations=35 (full 3):
 garbage-first heap   total 109568K, used 88838K [0x0000000700800000, 0x0000000800000000)
  region size 1024K, 47 young (48128K), 3 survivors (3072K)
 Metaspace       used 85716K, capacity 88986K, committed 89224K, reserved 1126400K
  class space    used 11080K, capacity 12385K, committed 12416K, reserved 1048576K
}
Event: 3728.077 GC heap after
{Heap after GC invocations=36 (full 3):
 garbage-first heap   total 109568K, used 43681K [0x0000000700800000, 0x0000000800000000)
  region size 1024K, 3 young (3072K), 3 survivors (3072K)
 Metaspace       used 85716K, capacity 88986K, committed 89224K, reserved 1126400K
  class space    used 11080K, capacity 12385K, committed 12416K, reserved 1048576K
}
Event: 4152.851 GC heap before
{Heap before GC invocations=36 (full 3):
 garbage-first heap   total 109568K, used 89761K [0x0000000700800000, 0x0000000800000000)
  region size 1024K, 48 young (49152K), 3 survivors (3072K)
 Metaspace       used 85717K, capacity 88986K, committed 89224K, reserved 1126400K
  class space    used 11080K, capacity 12385K, committed 12416K, reserved 1048576K
}
Event: 4152.853 GC heap after
{Heap after GC invocations=37 (full 3):
 garbage-first heap   total 109568K, used 43634K [0x0000000700800000, 0x0000000800000000)
  region size 1024K, 3 young (3072K), 3 survivors (3072K)
 Metaspace       used 85717K, capacity 88986K, committed 89224K, reserved 1126400K
  class space    used 11080K, capacity 12385K, committed 12416K, reserved 1048576K
}
Event: 4578.009 GC heap before
{Heap before GC invocations=37 (full 3):
 garbage-first heap   total 109568K, used 89714K [0x0000000700800000, 0x0000000800000000)
  region size 1024K, 48 young (49152K), 3 survivors (3072K)
 Metaspace       used 85717K, capacity 88986K, committed 89224K, reserved 1126400K
  class space    used 11080K, capacity 12385K, committed 12416K, reserved 1048576K
}
Event: 4578.010 GC heap after
{Heap after GC invocations=38 (full 3):
 garbage-first heap   total 109568K, used 43618K [0x0000000700800000, 0x0000000800000000)
  region size 1024K, 3 young (3072K), 3 survivors (3072K)
 Metaspace       used 85717K, capacity 88986K, committed 89224K, reserved 1126400K
  class space    used 11080K, capacity 12385K, committed 12416K, reserved 1048576K
}
Event: 6436.237 GC heap before
{Heap before GC invocations=38 (full 3):
 garbage-first heap   total 109568K, used 90722K [0x0000000700800000, 0x0000000800000000)
  region size 1024K, 49 young (50176K), 3 survivors (3072K)
 Metaspace       used 85717K, capacity 88986K, committed 89224K, reserved 1126400K
  class space    used 11080K, capacity 12385K, committed 12416K, reserved 1048576K
}
Event: 6436.239 GC heap after
{Heap after GC invocations=39 (full 3):
 garbage-first heap   total 109568K, used 44126K [0x0000000700800000, 0x0000000800000000)
  region size 1024K, 3 young (3072K), 3 survivors (3072K)
 Metaspace       used 85717K, capacity 88986K, committed 89224K, reserved 1126400K
  class space    used 11080K, capacity 12385K, committed 12416K, reserved 1048576K
}
Event: 6609.221 GC heap before
{Heap before GC invocations=39 (full 3):
 garbage-first heap   total 109568K, used 70750K [0x0000000700800000, 0x0000000800000000)
  region size 1024K, 30 young (30720K), 3 survivors (3072K)
 Metaspace       used 85720K, capacity 88992K, committed 89224K, reserved 1126400K
  class space    used 11081K, capacity 12387K, committed 12416K, reserved 1048576K
}

Deoptimization events (12 events):
Event: 1.845 Thread 0x000002365d336000 DEOPT PACKING pc=0x0000023640a7ba2c sp=0x0000005653cfd040
Event: 1.845 Thread 0x000002365d336000 DEOPT UNPACKING pc=0x000002363ffba95e sp=0x0000005653cfc5a8 mode 0
Event: 3.745 Thread 0x000002365d336000 DEOPT PACKING pc=0x000002364097cafb sp=0x0000005653cfb670
Event: 3.745 Thread 0x000002365d336000 DEOPT UNPACKING pc=0x000002363ffba95e sp=0x0000005653cfab78 mode 3
Event: 2375.827 Thread 0x0000023660a7e000 DEOPT PACKING pc=0x00000236416c8be4 sp=0x0000005654efaf80
Event: 2375.827 Thread 0x0000023660a7e000 DEOPT UNPACKING pc=0x000002363ffba95e sp=0x0000005654efa5a8 mode 0
Event: 2375.827 Thread 0x0000023660a7e000 DEOPT PACKING pc=0x00000236416c86bc sp=0x0000005654efb210
Event: 2375.827 Thread 0x0000023660a7e000 DEOPT UNPACKING pc=0x000002363ffba95e sp=0x0000005654efa7c8 mode 0
Event: 2436.312 Thread 0x00000236600e6000 DEOPT PACKING pc=0x0000023641152d1a sp=0x00000056552fef90
Event: 2436.312 Thread 0x00000236600e6000 DEOPT UNPACKING pc=0x000002363ffba95e sp=0x00000056552fe4e0 mode 3
Event: 4018.091 Thread 0x000002365c4c7000 DEOPT PACKING pc=0x0000023640712acc sp=0x00000056532ff470
Event: 4018.091 Thread 0x000002365c4c7000 DEOPT UNPACKING pc=0x000002363ffba95e sp=0x00000056532fe9c0 mode 1

Classes redefined (0 events):
No events

Internal exceptions (20 events):
Event: 6561.891 Thread 0x00000236600e6000 Exception <a 'java/net/SocketException'{0x00000007065c7c20}: Software caused connection abort: recv failed> (0x00000007065c7c20) thrown at [s\src\hotspot\share\prims\jni.cpp, line 638]
Event: 6570.430 Thread 0x00000236600e4000 Exception <a 'java/net/SocketException'{0x000000070631ee30}: Software caused connection abort: recv failed> (0x000000070631ee30) thrown at [s\src\hotspot\share\prims\jni.cpp, line 638]
Event: 6572.052 Thread 0x00000236600e4000 Exception <a 'java/net/SocketException'{0x0000000706320950}: Software caused connection abort: recv failed> (0x0000000706320950) thrown at [s\src\hotspot\share\prims\jni.cpp, line 638]
Event: 6576.209 Thread 0x00000236600e4000 Exception <a 'java/net/SocketException'{0x0000000706322470}: Software caused connection abort: recv failed> (0x0000000706322470) thrown at [s\src\hotspot\share\prims\jni.cpp, line 638]
Event: 6577.338 Thread 0x00000236600e4000 Exception <a 'java/net/SocketException'{0x0000000706323f90}: Software caused connection abort: recv failed> (0x0000000706323f90) thrown at [s\src\hotspot\share\prims\jni.cpp, line 638]
Event: 6577.657 Thread 0x00000236600e4000 Exception <a 'java/net/SocketException'{0x0000000706325ab0}: Software caused connection abort: recv failed> (0x0000000706325ab0) thrown at [s\src\hotspot\share\prims\jni.cpp, line 638]
Event: 6579.492 Thread 0x00000236600e4000 Exception <a 'java/net/SocketException'{0x00000007063275d0}: Software caused connection abort: recv failed> (0x00000007063275d0) thrown at [s\src\hotspot\share\prims\jni.cpp, line 638]
Event: 6588.217 Thread 0x00000236600e6800 Exception <a 'java/net/SocketException'{0x0000000705fe5a00}: Software caused connection abort: recv failed> (0x0000000705fe5a00) thrown at [s\src\hotspot\share\prims\jni.cpp, line 638]
Event: 6601.268 Thread 0x00000236600e4000 Exception <a 'java/net/SocketException'{0x0000000705c1ee30}: Software caused connection abort: recv failed> (0x0000000705c1ee30) thrown at [s\src\hotspot\share\prims\jni.cpp, line 638]
Event: 6609.212 Thread 0x0000023660a6f000 Exception <a 'java/lang/InterruptedException'{0x000000070595ec20}: sleep interrupted> (0x000000070595ec20) thrown at [s\src\hotspot\share\prims\jvm.cpp, line 3128]
Event: 6609.214 Thread 0x00000236600e6800 Exception <a 'java/io/IOException'{0x00000007059d8350}> (0x00000007059d8350) thrown at [s\src\hotspot\share\prims\jni.cpp, line 617]
Event: 6609.215 Thread 0x00000236600e6800 Exception <a 'java/io/IOException'{0x00000007059e18b0}> (0x00000007059e18b0) thrown at [s\src\hotspot\share\prims\jni.cpp, line 617]
Event: 6609.217 Thread 0x00000236600e4000 Exception <a 'java/net/SocketException'{0x00000007059e77b8}: Software caused connection abort: recv failed> (0x00000007059e77b8) thrown at [s\src\hotspot\share\prims\jni.cpp, line 638]
Event: 6609.218 Thread 0x00000236600e4000 Exception <a 'java/net/SocketException'{0x00000007059ea9f0}: Software caused connection abort: recv failed> (0x00000007059ea9f0) thrown at [s\src\hotspot\share\prims\jni.cpp, line 638]
Event: 6609.219 Thread 0x00000236600e4000 Exception <a 'java/net/SocketException'{0x00000007059ed938}: Software caused connection abort: socket write error> (0x00000007059ed938) thrown at [s\src\hotspot\share\prims\jni.cpp, line 638]
Event: 6609.219 Thread 0x00000236600e4000 Exception <a 'java/net/SocketException'{0x00000007059edf58}: Software caused connection abort: recv failed> (0x00000007059edf58) thrown at [s\src\hotspot\share\prims\jni.cpp, line 638]
Event: 6609.219 Thread 0x00000236600e4000 Exception <a 'java/net/SocketException'{0x00000007059f2628}: Software caused connection abort: socket write error> (0x00000007059f2628) thrown at [s\src\hotspot\share\prims\jni.cpp, line 638]
Event: 6609.219 Thread 0x00000236600e4000 Exception <a 'java/net/SocketException'{0x00000007059f2c48}: Software caused connection abort: recv failed> (0x00000007059f2c48) thrown at [s\src\hotspot\share\prims\jni.cpp, line 638]
Event: 6609.220 Thread 0x00000236600e4000 Exception <a 'java/net/SocketException'{0x00000007059f46f8}: Software caused connection abort: recv failed> (0x00000007059f46f8) thrown at [s\src\hotspot\share\prims\jni.cpp, line 638]
Event: 6609.220 Thread 0x00000236600e6800 Exception <a 'java/io/IOException'{0x00000007059e3a20}> (0x00000007059e3a20) thrown at [s\src\hotspot\share\prims\jni.cpp, line 617]

Events (20 events):
Event: 6609.216 Executing VM operation: BulkRevokeBias
Event: 6609.216 Executing VM operation: BulkRevokeBias done
Event: 6609.216 Executing VM operation: BulkRevokeBias
Event: 6609.216 Executing VM operation: BulkRevokeBias done
Event: 6609.216 Executing VM operation: BulkRevokeBias
Event: 6609.216 Executing VM operation: BulkRevokeBias done
Event: 6609.216 Executing VM operation: BulkRevokeBias
Event: 6609.217 Executing VM operation: BulkRevokeBias done
Event: 6609.217 Executing VM operation: BulkRevokeBias
Event: 6609.217 Executing VM operation: BulkRevokeBias done
Event: 6609.217 Executing VM operation: BulkRevokeBias
Event: 6609.217 Executing VM operation: BulkRevokeBias done
Event: 6609.217 Executing VM operation: BulkRevokeBias
Event: 6609.218 Executing VM operation: BulkRevokeBias done
Event: 6609.218 Executing VM operation: BulkRevokeBias
Event: 6609.218 Executing VM operation: BulkRevokeBias done
Event: 6609.220 Executing VM operation: RevokeBias
Event: 6609.220 Executing VM operation: RevokeBias done
Event: 6609.220 Thread 0x00000236600e4000 Thread exited: 0x00000236600e4000
Event: 6609.221 Executing VM operation: G1CollectFull


Dynamic libraries:
0x00007ff73fc70000 - 0x00007ff73fc7e000 	C:\Java\util\amazon-corretto-11\jdk11.0.22_7\bin\java.exe
0x00007ffb53ef0000 - 0x00007ffb540e8000 	C:\Windows\SYSTEM32\ntdll.dll
0x00007ffb53400000 - 0x00007ffb534bd000 	C:\Windows\System32\KERNEL32.DLL
0x00007ffb515d0000 - 0x00007ffb518c6000 	C:\Windows\System32\KERNELBASE.dll
0x00007ffb51e50000 - 0x00007ffb51f50000 	C:\Windows\System32\ucrtbase.dll
0x00007ffb4d140000 - 0x00007ffb4d157000 	C:\Java\util\amazon-corretto-11\jdk11.0.22_7\bin\jli.dll
0x00007ffb4e260000 - 0x00007ffb4e27b000 	C:\Java\util\amazon-corretto-11\jdk11.0.22_7\bin\VCRUNTIME140.dll
0x00007ffb52ae0000 - 0x00007ffb52c7e000 	C:\Windows\System32\USER32.dll
0x00007ffb51c40000 - 0x00007ffb51c62000 	C:\Windows\System32\win32u.dll
0x00007ffb38710000 - 0x00007ffb389aa000 	C:\Windows\WinSxS\amd64_microsoft.windows.common-controls_6595b64144ccf1df_6.0.19041.3636_none_60b6a03d71f818d5\COMCTL32.dll
0x00007ffb53560000 - 0x00007ffb5358c000 	C:\Windows\System32\GDI32.dll
0x00007ffb534c0000 - 0x00007ffb5355e000 	C:\Windows\System32\msvcrt.dll
0x00007ffb519c0000 - 0x00007ffb51ada000 	C:\Windows\System32\gdi32full.dll
0x00007ffb51d00000 - 0x00007ffb51d9d000 	C:\Windows\System32\msvcp_win.dll
0x00007ffb53620000 - 0x00007ffb53650000 	C:\Windows\System32\IMM32.DLL
0x00007ffb4e250000 - 0x00007ffb4e25c000 	C:\Java\util\amazon-corretto-11\jdk11.0.22_7\bin\vcruntime140_1.dll
0x00007ffb2c650000 - 0x00007ffb2c6dd000 	C:\Java\util\amazon-corretto-11\jdk11.0.22_7\bin\msvcp140.dll
0x00007ffb0c930000 - 0x00007ffb0d4f3000 	C:\Java\util\amazon-corretto-11\jdk11.0.22_7\bin\server\jvm.dll
0x00007ffb53e00000 - 0x00007ffb53eaf000 	C:\Windows\System32\ADVAPI32.dll
0x00007ffb52c80000 - 0x00007ffb52d1c000 	C:\Windows\System32\sechost.dll
0x00007ffb531b0000 - 0x00007ffb532d6000 	C:\Windows\System32\RPCRT4.dll
0x00007ffb52d20000 - 0x00007ffb52d28000 	C:\Windows\System32\PSAPI.DLL
0x00007ffb39310000 - 0x00007ffb39319000 	C:\Windows\SYSTEM32\WSOCK32.dll
0x00007ffb43dc0000 - 0x00007ffb43de7000 	C:\Windows\SYSTEM32\WINMM.dll
0x00007ffb4b940000 - 0x00007ffb4b94a000 	C:\Windows\SYSTEM32\VERSION.dll
0x00007ffb532e0000 - 0x00007ffb5334b000 	C:\Windows\System32\WS2_32.dll
0x00007ffb4f4b0000 - 0x00007ffb4f4c2000 	C:\Windows\SYSTEM32\kernel.appcore.dll
0x00007ffb4d130000 - 0x00007ffb4d140000 	C:\Java\util\amazon-corretto-11\jdk11.0.22_7\bin\verify.dll
0x00007ffb43480000 - 0x00007ffb43664000 	C:\Windows\SYSTEM32\DBGHELP.DLL
0x00007ffb39780000 - 0x00007ffb397b4000 	C:\Windows\SYSTEM32\dbgcore.DLL
0x00007ffb51c70000 - 0x00007ffb51cf2000 	C:\Windows\System32\bcryptPrimitives.dll
0x00007ffb48490000 - 0x00007ffb484b8000 	C:\Java\util\amazon-corretto-11\jdk11.0.22_7\bin\java.dll
0x00007ffb3c6a0000 - 0x00007ffb3c6aa000 	C:\Java\util\amazon-corretto-11\jdk11.0.22_7\bin\jimage.dll
0x00007ffb4e230000 - 0x00007ffb4e23e000 	C:\Java\util\amazon-corretto-11\jdk11.0.22_7\bin\instrument.dll
0x00007ffb3c680000 - 0x00007ffb3c698000 	C:\Java\util\amazon-corretto-11\jdk11.0.22_7\bin\zip.dll
0x00007ffb51f50000 - 0x00007ffb52695000 	C:\Windows\System32\SHELL32.dll
0x00007ffb4f6b0000 - 0x00007ffb4fe4b000 	C:\Windows\SYSTEM32\windows.storage.dll
0x00007ffb536b0000 - 0x00007ffb53a04000 	C:\Windows\System32\combase.dll
0x00007ffb51010000 - 0x00007ffb5103d000 	C:\Windows\SYSTEM32\Wldp.dll
0x00007ffb53a10000 - 0x00007ffb53abd000 	C:\Windows\System32\SHCORE.dll
0x00007ffb52a20000 - 0x00007ffb52a75000 	C:\Windows\System32\shlwapi.dll
0x00007ffb51500000 - 0x00007ffb51525000 	C:\Windows\SYSTEM32\profapi.dll
0x00007ffb3ac40000 - 0x00007ffb3ac59000 	C:\Java\util\amazon-corretto-11\jdk11.0.22_7\bin\net.dll
0x00007ffb4b1a0000 - 0x00007ffb4b2aa000 	C:\Windows\SYSTEM32\WINHTTP.dll
0x00007ffb50d70000 - 0x00007ffb50dda000 	C:\Windows\system32\mswsock.dll
0x00007ffb3ac20000 - 0x00007ffb3ac32000 	C:\Java\util\amazon-corretto-11\jdk11.0.22_7\bin\nio.dll
0x00007ffb4c930000 - 0x00007ffb4c94a000 	C:\Program Files\JetBrains\IntelliJ IDEA 2024.1.2\bin\breakgen64.dll
0x00007ffb50a60000 - 0x00007ffb50b2a000 	C:\Windows\SYSTEM32\DNSAPI.dll
0x00007ffb50a10000 - 0x00007ffb50a4b000 	C:\Windows\SYSTEM32\IPHLPAPI.DLL
0x00007ffb53590000 - 0x00007ffb53598000 	C:\Windows\System32\NSI.dll
0x00007ffb4ab40000 - 0x00007ffb4ab4a000 	C:\Windows\System32\rasadhlp.dll
0x00007ffb49ba0000 - 0x00007ffb49c20000 	C:\Windows\System32\fwpuclnt.dll
0x00007ffb51920000 - 0x00007ffb51947000 	C:\Windows\System32\bcrypt.dll
0x00007ffb4e220000 - 0x00007ffb4e229000 	C:\Java\util\amazon-corretto-11\jdk11.0.22_7\bin\management.dll
0x00007ffb4d1e0000 - 0x00007ffb4d1eb000 	C:\Java\util\amazon-corretto-11\jdk11.0.22_7\bin\management_ext.dll
0x00007ffb50f60000 - 0x00007ffb50f78000 	C:\Windows\SYSTEM32\CRYPTSP.dll
0x00007ffb50630000 - 0x00007ffb50664000 	C:\Windows\system32\rsaenh.dll
0x00007ffb51480000 - 0x00007ffb514ae000 	C:\Windows\SYSTEM32\USERENV.dll
0x00007ffb50f80000 - 0x00007ffb50f8c000 	C:\Windows\SYSTEM32\CRYPTBASE.dll
0x00007ffb4beb0000 - 0x00007ffb4bec7000 	C:\Windows\SYSTEM32\dhcpcsvc6.DLL
0x00007ffb4be90000 - 0x00007ffb4bead000 	C:\Windows\SYSTEM32\dhcpcsvc.DLL
0x00007ffb38090000 - 0x00007ffb380a7000 	C:\Windows\system32\napinsp.dll
0x00007ffb38070000 - 0x00007ffb3808b000 	C:\Windows\system32\pnrpnsp.dll
0x00007ffb38050000 - 0x00007ffb38065000 	C:\Windows\system32\wshbth.dll
0x00007ffb4cf90000 - 0x00007ffb4cfad000 	C:\Windows\system32\NLAapi.dll
0x00007ffb38030000 - 0x00007ffb38042000 	C:\Windows\System32\winrnr.dll
0x00007ffb345f0000 - 0x00007ffb345fe000 	C:\Java\util\amazon-corretto-11\jdk11.0.22_7\bin\sunmscapi.dll
0x00007ffb51ae0000 - 0x00007ffb51c3d000 	C:\Windows\System32\CRYPT32.dll
0x00007ffb51080000 - 0x00007ffb510a7000 	C:\Windows\SYSTEM32\ncrypt.dll
0x00007ffb51040000 - 0x00007ffb5107b000 	C:\Windows\SYSTEM32\NTASN1.dll
0x00007ffb2b940000 - 0x00007ffb2b967000 	C:\Java\util\amazon-corretto-11\jdk11.0.22_7\bin\sunec.dll

dbghelp: loaded successfully - version: 4.0.5 - missing functions: none
symbol engine: initialized successfully - sym options: 0x614 - pdb path: .;C:\Java\util\amazon-corretto-11\jdk11.0.22_7\bin;C:\Windows\SYSTEM32;C:\Windows\WinSxS\amd64_microsoft.windows.common-controls_6595b64144ccf1df_6.0.19041.3636_none_60b6a03d71f818d5;C:\Java\util\amazon-corretto-11\jdk11.0.22_7\bin\server;C:\Program Files\JetBrains\IntelliJ IDEA 2024.1.2\bin

VM Arguments:
jvm_args: -XX:TieredStopAtLevel=1 -Xverify:none -Dspring.output.ansi.enabled=always -Dcom.sun.management.jmxremote -Dspring.jmx.enabled=true -Dspring.liveBeansView.mbeanDomain -Dspring.application.admin.enabled=true -Dmanagement.endpoints.jmx.exposure.include=* -javaagent:C:\Program Files\JetBrains\IntelliJ IDEA 2024.1.2\lib\idea_rt.jar=60397:C:\Program Files\JetBrains\IntelliJ IDEA 2024.1.2\bin -Dfile.encoding=UTF-8 
java_command: com.shop.ShopApplication
java_class_path (initial): C:\Java\boot\shop1\target\classes;C:\Users\22\.m2\repository\org\springframework\boot\spring-boot-starter-data-jpa\2.7.1\spring-boot-starter-data-jpa-2.7.1.jar;C:\Users\22\.m2\repository\org\springframework\boot\spring-boot-starter-aop\2.7.1\spring-boot-starter-aop-2.7.1.jar;C:\Users\22\.m2\repository\org\aspectj\aspectjweaver\1.9.7\aspectjweaver-1.9.7.jar;C:\Users\22\.m2\repository\org\springframework\boot\spring-boot-starter-jdbc\2.7.1\spring-boot-starter-jdbc-2.7.1.jar;C:\Users\22\.m2\repository\com\zaxxer\HikariCP\4.0.3\HikariCP-4.0.3.jar;C:\Users\22\.m2\repository\org\springframework\spring-jdbc\5.3.21\spring-jdbc-5.3.21.jar;C:\Users\22\.m2\repository\jakarta\transaction\jakarta.transaction-api\1.3.3\jakarta.transaction-api-1.3.3.jar;C:\Users\22\.m2\repository\jakarta\persistence\jakarta.persistence-api\2.2.3\jakarta.persistence-api-2.2.3.jar;C:\Users\22\.m2\repository\org\hibernate\hibernate-core\5.6.9.Final\hibernate-core-5.6.9.Final.jar;C:\Users\22\.m2\repository\org\jboss\logging\jboss-logging\3.4.3.Final\jboss-logging-3.4.3.Final.jar;C:\Users\22\.m2\repository\net\bytebuddy\byte-buddy\1.12.11\byte-buddy-1.12.11.jar;C:\Users\22\.m2\repository\antlr\antlr\2.7.7\antlr-2.7.7.jar;C:\Users\22\.m2\repository\org\jboss\jandex\2.4.2.Final\jandex-2.4.2.Final.jar;C:\Users\22\.m2\repository\com\fasterxml\classmate\1.5.1\classmate-1.5.1.jar;C:\Users\22\.m2\repository\org\hibernate\common\hibernate-commons-annotations\5.1.2.Final\hibernate-commons-annotations-5.1.2.Final.jar;C:\Users\22\.m2\repository\org\glassfish\jaxb\jaxb-runtime\2.3.6\jaxb-runtime-2.3.6.jar;C:\Users\22\.m2\repository\org\glassfish\jaxb\txw2\2.3.6\txw2-2.3.6.jar;C:\Users\22\.m2\repository\com\sun\istack\istack-commons-runtime\3.0.12\istack-commons-runtime-3.0.12.jar;C:\Users\22\.m2\repository\com\sun\activation\jakarta.activation\1.2.2\jakarta.activation-1.2.2.jar;C:\Users\22\.m2\repository\org\springframework\data\spring-data-jpa\2.7.1\spring-data-jpa-2.7.1.jar;C:\Users\
Launcher Type: SUN_STANDARD

[Global flags]
     bool BytecodeVerificationLocal                = false                                     {product} {command line}
     bool BytecodeVerificationRemote               = false                                     {product} {command line}
     intx CICompilerCount                          = 4                                         {product} {ergonomic}
     uint ConcGCThreads                            = 2                                         {product} {ergonomic}
     uint G1ConcRefinementThreads                  = 8                                         {product} {ergonomic}
   size_t G1HeapRegionSize                         = 1048576                                   {product} {ergonomic}
    uintx GCDrainStackTargetSize                   = 64                                        {product} {ergonomic}
   size_t InitialHeapSize                          = 268435456                                 {product} {ergonomic}
     bool ManagementServer                         = true                                      {product} {command line}
   size_t MarkStackSize                            = 4194304                                   {product} {ergonomic}
   size_t MaxHeapSize                              = 4286578688                                {product} {ergonomic}
   size_t MaxNewSize                               = 2571108352                                {product} {ergonomic}
   size_t MinHeapDeltaBytes                        = 1048576                                   {product} {ergonomic}
    uintx NonNMethodCodeHeapSize                   = 7549744                                {pd product} {ergonomic}
    uintx NonProfiledCodeHeapSize                  = 244108496                              {pd product} {ergonomic}
    uintx ProfiledCodeHeapSize                     = 0                                      {pd product} {ergonomic}
    uintx ReservedCodeCacheSize                    = 251658240                              {pd product} {ergonomic}
     bool SegmentedCodeCache                       = true                                      {product} {ergonomic}
     intx TieredStopAtLevel                        = 1                                         {product} {command line}
     bool UseCompressedClassPointers               = true                                 {lp64_product} {ergonomic}
     bool UseCompressedOops                        = true                                 {lp64_product} {ergonomic}
     bool UseG1GC                                  = true                                      {product} {ergonomic}
     bool UseLargePagesIndividualAllocation        = false                                  {pd product} {ergonomic}

Logging:
Log output configuration:
 #0: stdout all=warning uptime,level,tags
 #1: stderr all=off uptime,level,tags

Environment Variables:
JAVA_HOME=C:\Java\util\amazon-corretto-11\jdk11.0.22_7
PATH=C:\oraclexe\app\oracle\product\11.2.0\server\bin;;C:\Java\util\amazon-corretto-11\jdk11.0.22_7\bin;C:\Program Files\Common Files\Oracle\Java\javapath;C:\Windows\system32;C:\Windows;C:\Windows\System32\Wbem;C:\Windows\System32\WindowsPowerShell\v1.0\;C:\Windows\System32\OpenSSH\;C:\Program Files (x86)\NVIDIA Corporation\PhysX\Common;C:\Program Files\Bandizip\;C:\Java\util\Git\cmd;C:\Program Files\nodejs\;C:\Program Files\PuTTY\;C:\Users\22\AppData\Local\Programs\Python\Python312\Scripts\;C:\Users\22\AppData\Local\Programs\Python\Python312\;C:\Users\22\AppData\Local\Microsoft\WindowsApps;C:\Users\22\AppData\Local\Programs\Microsoft VS Code\bin;C:\Users\22\AppData\Roaming\npm;C:\Program Files\JetBrains\IntelliJ IDEA 2024.1.2\bin;
USERNAME=22
OS=Windows_NT
PROCESSOR_IDENTIFIER=Intel64 Family 6 Model 94 Stepping 3, GenuineIntel
TMP=C:\Users\22\AppData\Local\Temp
TEMP=C:\Users\22\AppData\Local\Temp



---------------  S Y S T E M  ---------------

OS: Windows 10 , 64 bit Build 19041 (10.0.19041.3636)
OS uptime: 8 days 22:16 hours

CPU:total 8 (initial active 8) (4 cores per cpu, 2 threads per core) family 6 model 94 stepping 3 microcode 0xcc, cmov, cx8, fxsr, mmx, sse, sse2, sse3, ssse3, sse4.1, sse4.2, popcnt, avx, avx2, aes, clmul, erms, rtm, 3dnowpref, lzcnt, ht, tsc, tscinvbit, bmi1, bmi2, adx, fma

Memory: 4k page, system-wide physical 16347M (8962M free)
TotalPageFile size 22231M (AvailPageFile size 9332M)
current process WorkingSet (physical memory assigned to process): 266M, peak: 442M
current process commit charge ("private bytes"): 345M, peak: 610M

vm_info: OpenJDK 64-Bit Server VM (11.0.22+7-LTS) for windows-amd64 JRE (11.0.22+7-LTS), built on Jan 10 2024 19:54:00 by "Administrator" with MS VC++ 16.10 / 16.11 (VS2019)

END.
